<?xml version="1.0" encoding="UTF-8"?>
<!-- Generated by org.testng.reporters.JUnitReportReporter -->
<testsuite hostname="noi-rishabhrastogi-mac.local" failures="0" tests="1" name="com.insider.qa.webTestCases.EventPageTest" time="23.207" errors="0" timestamp="2020-07-30T19:36:28 IST" skipped="0">
  <testcase classname="com.insider.qa.webTestCases.EventPageTest" name="TC01" time="23.207"/>
  <system-out/>
</testsuite> <!-- com.insider.qa.webTestCases.EventPageTest -->
