<?xml version="1.0" encoding="UTF-8"?>
<!-- Generated by org.testng.reporters.JUnitReportReporter -->
<testsuite hostname="noi-rishabhrastogi-mac.local" failures="0" tests="1" name="com.insider.qa.appTestCases.EventScreenTest" time="33.137" errors="0" timestamp="2020-07-30T19:38:06 IST" skipped="0">
  <testcase classname="com.insider.qa.appTestCases.EventScreenTest" name="TC01" time="33.137"/>
  <system-out/>
</testsuite> <!-- com.insider.qa.appTestCases.EventScreenTest -->
