<?xml version="1.0" encoding="UTF-8"?>
<!-- Generated by org.testng.reporters.JUnitReportReporter -->
<testsuite hostname="noi-rishabhrastogi-mac.local" failures="0" tests="1" name="com.insider.qa.webTestCases.EventPageTest" time="12.350" errors="0" timestamp="2020-08-05T16:56:45 IST" skipped="0">
  <testcase classname="com.insider.qa.webTestCases.EventPageTest" name="TC01" time="12.350"/>
  <system-out/>
</testsuite> <!-- com.insider.qa.webTestCases.EventPageTest -->
